<?xml version="1.0" encoding="UTF-8"?>
<testsuite xmlns:xsi="http://www.w3.org/2001/XMLSchema-instance" xsi:noNamespaceSchemaLocation="https://maven.apache.org/surefire/maven-surefire-plugin/xsd/surefire-test-report.xsd" name="softuni.photostore.PhotoStoreApplicationTests" time="0.147" tests="1" errors="1" skipped="0" failures="0">
  <properties>
    <property name="java.specification.version" value="18"/>
    <property name="sun.jnu.encoding" value="UTF-8"/>
    <property name="java.class.path" value="/Users/Valeri.Totev/Downloads/photo-store/photo-store/target/test-classes:/Users/Valeri.Totev/Downloads/photo-store/photo-store/target/classes:/Users/Valeri.Totev/.m2/repository/org/springframework/session/spring-session-data-redis/2.6.1/spring-session-data-redis-2.6.1.jar:/Users/Valeri.Totev/.m2/repository/org/springframework/session/spring-session-core/2.6.1/spring-session-core-2.6.1.jar:/Users/Valeri.Totev/.m2/repository/org/springframework/spring-jcl/5.3.13/spring-jcl-5.3.13.jar:/Users/Valeri.Totev/.m2/repository/org/springframework/data/spring-data-redis/2.6.0/spring-data-redis-2.6.0.jar:/Users/Valeri.Totev/.m2/repository/org/springframework/data/spring-data-keyvalue/2.6.0/spring-data-keyvalue-2.6.0.jar:/Users/Valeri.Totev/.m2/repository/org/springframework/spring-tx/5.3.13/spring-tx-5.3.13.jar:/Users/Valeri.Totev/.m2/repository/org/springframework/spring-oxm/5.3.13/spring-oxm-5.3.13.jar:/Users/Valeri.Totev/.m2/repository/org/springframework/spring-context-support/5.3.13/spring-context-support-5.3.13.jar:/Users/Valeri.Totev/.m2/repository/org/springframework/boot/spring-boot-starter-data-jpa/2.6.0/spring-boot-starter-data-jpa-2.6.0.jar:/Users/Valeri.Totev/.m2/repository/org/springframework/boot/spring-boot-starter-aop/2.6.0/spring-boot-starter-aop-2.6.0.jar:/Users/Valeri.Totev/.m2/repository/org/aspectj/aspectjweaver/1.9.7/aspectjweaver-1.9.7.jar:/Users/Valeri.Totev/.m2/repository/org/springframework/boot/spring-boot-starter-jdbc/2.6.0/spring-boot-starter-jdbc-2.6.0.jar:/Users/Valeri.Totev/.m2/repository/com/zaxxer/HikariCP/4.0.3/HikariCP-4.0.3.jar:/Users/Valeri.Totev/.m2/repository/org/springframework/spring-jdbc/5.3.13/spring-jdbc-5.3.13.jar:/Users/Valeri.Totev/.m2/repository/jakarta/transaction/jakarta.transaction-api/1.3.3/jakarta.transaction-api-1.3.3.jar:/Users/Valeri.Totev/.m2/repository/jakarta/persistence/jakarta.persistence-api/2.2.3/jakarta.persistence-api-2.2.3.jar:/Users/Valeri.Totev/.m2/repository/org/hibernate/hibernate-core/5.6.1.Final/hibernate-core-5.6.1.Final.jar:/Users/Valeri.Totev/.m2/repository/org/jboss/logging/jboss-logging/3.4.2.Final/jboss-logging-3.4.2.Final.jar:/Users/Valeri.Totev/.m2/repository/net/bytebuddy/byte-buddy/1.11.22/byte-buddy-1.11.22.jar:/Users/Valeri.Totev/.m2/repository/antlr/antlr/2.7.7/antlr-2.7.7.jar:/Users/Valeri.Totev/.m2/repository/org/jboss/jandex/2.2.3.Final/jandex-2.2.3.Final.jar:/Users/Valeri.Totev/.m2/repository/com/fasterxml/classmate/1.5.1/classmate-1.5.1.jar:/Users/Valeri.Totev/.m2/repository/org/hibernate/common/hibernate-commons-annotations/5.1.2.Final/hibernate-commons-annotations-5.1.2.Final.jar:/Users/Valeri.Totev/.m2/repository/org/glassfish/jaxb/jaxb-runtime/2.3.5/jaxb-runtime-2.3.5.jar:/Users/Valeri.Totev/.m2/repository/org/glassfish/jaxb/txw2/2.3.5/txw2-2.3.5.jar:/Users/Valeri.Totev/.m2/repository/com/sun/istack/istack-commons-runtime/3.0.12/istack-commons-runtime-3.0.12.jar:/Users/Valeri.Totev/.m2/repository/com/sun/activation/jakarta.activation/1.2.2/jakarta.activation-1.2.2.jar:/Users/Valeri.Totev/.m2/repository/org/springframework/data/spring-data-jpa/2.6.0/spring-data-jpa-2.6.0.jar:/Users/Valeri.Totev/.m2/repository/org/springframework/data/spring-data-commons/2.6.0/spring-data-commons-2.6.0.jar:/Users/Valeri.Totev/.m2/repository/org/springframework/spring-orm/5.3.13/spring-orm-5.3.13.jar:/Users/Valeri.Totev/.m2/repository/org/springframework/spring-context/5.3.13/spring-context-5.3.13.jar:/Users/Valeri.Totev/.m2/repository/org/springframework/spring-beans/5.3.13/spring-beans-5.3.13.jar:/Users/Valeri.Totev/.m2/repository/org/springframework/spring-aspects/5.3.13/spring-aspects-5.3.13.jar:/Users/Valeri.Totev/.m2/repository/org/springframework/boot/spring-boot-starter-security/2.6.0/spring-boot-starter-security-2.6.0.jar:/Users/Valeri.Totev/.m2/repository/org/springframework/boot/spring-boot-starter/2.6.0/spring-boot-starter-2.6.0.jar:/Users/Valeri.Totev/.m2/repository/org/springframework/boot/spring-boot-starter-logging/2.6.0/spring-boot-starter-logging-2.6.0.jar:/Users/Valeri.Totev/.m2/repository/ch/qos/logback/logback-classic/1.2.7/logback-classic-1.2.7.jar:/Users/Valeri.Totev/.m2/repository/ch/qos/logback/logback-core/1.2.7/logback-core-1.2.7.jar:/Users/Valeri.Totev/.m2/repository/org/apache/logging/log4j/log4j-to-slf4j/2.14.1/log4j-to-slf4j-2.14.1.jar:/Users/Valeri.Totev/.m2/repository/org/apache/logging/log4j/log4j-api/2.14.1/log4j-api-2.14.1.jar:/Users/Valeri.Totev/.m2/repository/org/slf4j/jul-to-slf4j/1.7.32/jul-to-slf4j-1.7.32.jar:/Users/Valeri.Totev/.m2/repository/jakarta/annotation/jakarta.annotation-api/1.3.5/jakarta.annotation-api-1.3.5.jar:/Users/Valeri.Totev/.m2/repository/org/yaml/snakeyaml/1.29/snakeyaml-1.29.jar:/Users/Valeri.Totev/.m2/repository/org/springframework/spring-aop/5.3.13/spring-aop-5.3.13.jar:/Users/Valeri.Totev/.m2/repository/org/springframework/security/spring-security-config/5.6.0/spring-security-config-5.6.0.jar:/Users/Valeri.Totev/.m2/repository/org/springframework/security/spring-security-web/5.6.0/spring-security-web-5.6.0.jar:/Users/Valeri.Totev/.m2/repository/org/springframework/spring-expression/5.3.13/spring-expression-5.3.13.jar:/Users/Valeri.Totev/.m2/repository/org/springframework/boot/spring-boot-starter-thymeleaf/2.6.0/spring-boot-starter-thymeleaf-2.6.0.jar:/Users/Valeri.Totev/.m2/repository/org/thymeleaf/thymeleaf-spring5/3.0.12.RELEASE/thymeleaf-spring5-3.0.12.RELEASE.jar:/Users/Valeri.Totev/.m2/repository/org/thymeleaf/thymeleaf/3.0.12.RELEASE/thymeleaf-3.0.12.RELEASE.jar:/Users/Valeri.Totev/.m2/repository/org/attoparser/attoparser/2.0.5.RELEASE/attoparser-2.0.5.RELEASE.jar:/Users/Valeri.Totev/.m2/repository/org/unbescape/unbescape/1.1.6.RELEASE/unbescape-1.1.6.RELEASE.jar:/Users/Valeri.Totev/.m2/repository/org/thymeleaf/extras/thymeleaf-extras-java8time/3.0.4.RELEASE/thymeleaf-extras-java8time-3.0.4.RELEASE.jar:/Users/Valeri.Totev/.m2/repository/org/springframework/boot/spring-boot-starter-validation/2.6.0/spring-boot-starter-validation-2.6.0.jar:/Users/Valeri.Totev/.m2/repository/org/apache/tomcat/embed/tomcat-embed-el/9.0.55/tomcat-embed-el-9.0.55.jar:/Users/Valeri.Totev/.m2/repository/org/hibernate/validator/hibernate-validator/6.2.0.Final/hibernate-validator-6.2.0.Final.jar:/Users/Valeri.Totev/.m2/repository/jakarta/validation/jakarta.validation-api/2.0.2/jakarta.validation-api-2.0.2.jar:/Users/Valeri.Totev/.m2/repository/org/springframework/boot/spring-boot-starter-web/2.6.0/spring-boot-starter-web-2.6.0.jar:/Users/Valeri.Totev/.m2/repository/org/springframework/boot/spring-boot-starter-json/2.6.0/spring-boot-starter-json-2.6.0.jar:/Users/Valeri.Totev/.m2/repository/com/fasterxml/jackson/core/jackson-databind/2.13.0/jackson-databind-2.13.0.jar:/Users/Valeri.Totev/.m2/repository/com/fasterxml/jackson/core/jackson-annotations/2.13.0/jackson-annotations-2.13.0.jar:/Users/Valeri.Totev/.m2/repository/com/fasterxml/jackson/core/jackson-core/2.13.0/jackson-core-2.13.0.jar:/Users/Valeri.Totev/.m2/repository/com/fasterxml/jackson/datatype/jackson-datatype-jdk8/2.13.0/jackson-datatype-jdk8-2.13.0.jar:/Users/Valeri.Totev/.m2/repository/com/fasterxml/jackson/datatype/jackson-datatype-jsr310/2.13.0/jackson-datatype-jsr310-2.13.0.jar:/Users/Valeri.Totev/.m2/repository/com/fasterxml/jackson/module/jackson-module-parameter-names/2.13.0/jackson-module-parameter-names-2.13.0.jar:/Users/Valeri.Totev/.m2/repository/org/springframework/boot/spring-boot-starter-tomcat/2.6.0/spring-boot-starter-tomcat-2.6.0.jar:/Users/Valeri.Totev/.m2/repository/org/apache/tomcat/embed/tomcat-embed-core/9.0.55/tomcat-embed-core-9.0.55.jar:/Users/Valeri.Totev/.m2/repository/org/apache/tomcat/embed/tomcat-embed-websocket/9.0.55/tomcat-embed-websocket-9.0.55.jar:/Users/Valeri.Totev/.m2/repository/org/springframework/spring-web/5.3.13/spring-web-5.3.13.jar:/Users/Valeri.Totev/.m2/repository/org/springframework/spring-webmvc/5.3.13/spring-webmvc-5.3.13.jar:/Users/Valeri.Totev/.m2/repository/org/thymeleaf/extras/thymeleaf-extras-springsecurity5/3.0.4.RELEASE/thymeleaf-extras-springsecurity5-3.0.4.RELEASE.jar:/Users/Valeri.Totev/.m2/repository/org/slf4j/slf4j-api/1.7.32/slf4j-api-1.7.32.jar:/Users/Valeri.Totev/.m2/repository/mysql/mysql-connector-java/8.0.27/mysql-connector-java-8.0.27.jar:/Users/Valeri.Totev/.m2/repository/org/springframework/boot/spring-boot-starter-test/2.6.0/spring-boot-starter-test-2.6.0.jar:/Users/Valeri.Totev/.m2/repository/org/springframework/boot/spring-boot-test/2.6.0/spring-boot-test-2.6.0.jar:/Users/Valeri.Totev/.m2/repository/org/springframework/boot/spring-boot-test-autoconfigure/2.6.0/spring-boot-test-autoconfigure-2.6.0.jar:/Users/Valeri.Totev/.m2/repository/com/jayway/jsonpath/json-path/2.6.0/json-path-2.6.0.jar:/Users/Valeri.Totev/.m2/repository/net/minidev/json-smart/2.4.7/json-smart-2.4.7.jar:/Users/Valeri.Totev/.m2/repository/net/minidev/accessors-smart/2.4.7/accessors-smart-2.4.7.jar:/Users/Valeri.Totev/.m2/repository/org/ow2/asm/asm/9.1/asm-9.1.jar:/Users/Valeri.Totev/.m2/repository/jakarta/xml/bind/jakarta.xml.bind-api/2.3.3/jakarta.xml.bind-api-2.3.3.jar:/Users/Valeri.Totev/.m2/repository/jakarta/activation/jakarta.activation-api/1.2.2/jakarta.activation-api-1.2.2.jar:/Users/Valeri.Totev/.m2/repository/org/assertj/assertj-core/3.21.0/assertj-core-3.21.0.jar:/Users/Valeri.Totev/.m2/repository/org/hamcrest/hamcrest/2.2/hamcrest-2.2.jar:/Users/Valeri.Totev/.m2/repository/org/junit/jupiter/junit-jupiter/5.8.1/junit-jupiter-5.8.1.jar:/Users/Valeri.Totev/.m2/repository/org/junit/jupiter/junit-jupiter-api/5.8.1/junit-jupiter-api-5.8.1.jar:/Users/Valeri.Totev/.m2/repository/org/opentest4j/opentest4j/1.2.0/opentest4j-1.2.0.jar:/Users/Valeri.Totev/.m2/repository/org/junit/platform/junit-platform-commons/1.8.1/junit-platform-commons-1.8.1.jar:/Users/Valeri.Totev/.m2/repository/org/apiguardian/apiguardian-api/1.1.2/apiguardian-api-1.1.2.jar:/Users/Valeri.Totev/.m2/repository/org/junit/jupiter/junit-jupiter-params/5.8.1/junit-jupiter-params-5.8.1.jar:/Users/Valeri.Totev/.m2/repository/org/junit/jupiter/junit-jupiter-engine/5.8.1/junit-jupiter-engine-5.8.1.jar:/Users/Valeri.Totev/.m2/repository/org/junit/platform/junit-platform-engine/1.8.1/junit-platform-engine-1.8.1.jar:/Users/Valeri.Totev/.m2/repository/org/mockito/mockito-core/4.0.0/mockito-core-4.0.0.jar:/Users/Valeri.Totev/.m2/repository/net/bytebuddy/byte-buddy-agent/1.11.22/byte-buddy-agent-1.11.22.jar:/Users/Valeri.Totev/.m2/repository/org/objenesis/objenesis/3.2/objenesis-3.2.jar:/Users/Valeri.Totev/.m2/repository/org/mockito/mockito-junit-jupiter/4.0.0/mockito-junit-jupiter-4.0.0.jar:/Users/Valeri.Totev/.m2/repository/org/skyscreamer/jsonassert/1.5.0/jsonassert-1.5.0.jar:/Users/Valeri.Totev/.m2/repository/com/vaadin/external/google/android-json/0.0.20131108.vaadin1/android-json-0.0.20131108.vaadin1.jar:/Users/Valeri.Totev/.m2/repository/org/springframework/spring-core/5.3.13/spring-core-5.3.13.jar:/Users/Valeri.Totev/.m2/repository/org/springframework/spring-test/5.3.13/spring-test-5.3.13.jar:/Users/Valeri.Totev/.m2/repository/org/xmlunit/xmlunit-core/2.8.3/xmlunit-core-2.8.3.jar:/Users/Valeri.Totev/.m2/repository/org/springframework/security/spring-security-test/5.6.0/spring-security-test-5.6.0.jar:/Users/Valeri.Totev/.m2/repository/org/springframework/security/spring-security-core/5.6.0/spring-security-core-5.6.0.jar:/Users/Valeri.Totev/.m2/repository/org/springframework/security/spring-security-crypto/5.6.0/spring-security-crypto-5.6.0.jar:/Users/Valeri.Totev/.m2/repository/org/modelmapper/modelmapper/2.4.4/modelmapper-2.4.4.jar:/Users/Valeri.Totev/.m2/repository/com/cloudinary/cloudinary/1.0.14/cloudinary-1.0.14.jar:/Users/Valeri.Totev/.m2/repository/commons-lang/commons-lang/2.6/commons-lang-2.6.jar:/Users/Valeri.Totev/.m2/repository/commons-codec/commons-codec/1.15/commons-codec-1.15.jar:/Users/Valeri.Totev/.m2/repository/commons-collections/commons-collections/3.2.1/commons-collections-3.2.1.jar:/Users/Valeri.Totev/.m2/repository/commons-logging/commons-logging/1.1.1/commons-logging-1.1.1.jar:/Users/Valeri.Totev/.m2/repository/org/apache/httpcomponents/httpclient/4.5.13/httpclient-4.5.13.jar:/Users/Valeri.Totev/.m2/repository/org/apache/httpcomponents/httpmime/4.5.13/httpmime-4.5.13.jar:/Users/Valeri.Totev/.m2/repository/org/apache/httpcomponents/httpcore/4.4.14/httpcore-4.4.14.jar:/Users/Valeri.Totev/.m2/repository/com/googlecode/json-simple/json-simple/1.1.1/json-simple-1.1.1.jar:/Users/Valeri.Totev/.m2/repository/junit/junit/4.13.2/junit-4.13.2.jar:/Users/Valeri.Totev/.m2/repository/org/hamcrest/hamcrest-core/2.2/hamcrest-core-2.2.jar:/Users/Valeri.Totev/.m2/repository/org/springframework/boot/spring-boot-configuration-processor/2.6.0/spring-boot-configuration-processor-2.6.0.jar:/Users/Valeri.Totev/.m2/repository/org/springframework/boot/spring-boot-autoconfigure/3.0.5/spring-boot-autoconfigure-3.0.5.jar:/Users/Valeri.Totev/.m2/repository/org/springframework/boot/spring-boot/2.6.0/spring-boot-2.6.0.jar:/Users/Valeri.Totev/.m2/repository/org/springframework/boot/spring-boot-devtools/2.6.0/spring-boot-devtools-2.6.0.jar:"/>
    <property name="java.vm.vendor" value="Oracle Corporation"/>
    <property name="sun.arch.data.model" value="64"/>
    <property name="java.vendor.url" value="https://java.oracle.com/"/>
    <property name="os.name" value="Mac OS X"/>
    <property name="java.vm.specification.version" value="18"/>
    <property name="sun.java.launcher" value="SUN_STANDARD"/>
    <property name="user.country" value="US"/>
    <property name="sun.boot.library.path" value="/Library/Java/JavaVirtualMachines/jdk-18.0.1.1.jdk/Contents/Home/lib"/>
    <property name="sun.java.command" value="/Users/Valeri.Totev/Downloads/photo-store/photo-store/target/surefire/surefirebooter14552399857493736693.jar /Users/Valeri.Totev/Downloads/photo-store/photo-store/target/surefire 2023-04-06T15-45-53_509-jvmRun1 surefire9916849443059396877tmp surefire_011557506740698957892tmp"/>
    <property name="jdk.debug" value="release"/>
    <property name="surefire.test.class.path" value="/Users/Valeri.Totev/Downloads/photo-store/photo-store/target/test-classes:/Users/Valeri.Totev/Downloads/photo-store/photo-store/target/classes:/Users/Valeri.Totev/.m2/repository/org/springframework/session/spring-session-data-redis/2.6.1/spring-session-data-redis-2.6.1.jar:/Users/Valeri.Totev/.m2/repository/org/springframework/session/spring-session-core/2.6.1/spring-session-core-2.6.1.jar:/Users/Valeri.Totev/.m2/repository/org/springframework/spring-jcl/5.3.13/spring-jcl-5.3.13.jar:/Users/Valeri.Totev/.m2/repository/org/springframework/data/spring-data-redis/2.6.0/spring-data-redis-2.6.0.jar:/Users/Valeri.Totev/.m2/repository/org/springframework/data/spring-data-keyvalue/2.6.0/spring-data-keyvalue-2.6.0.jar:/Users/Valeri.Totev/.m2/repository/org/springframework/spring-tx/5.3.13/spring-tx-5.3.13.jar:/Users/Valeri.Totev/.m2/repository/org/springframework/spring-oxm/5.3.13/spring-oxm-5.3.13.jar:/Users/Valeri.Totev/.m2/repository/org/springframework/spring-context-support/5.3.13/spring-context-support-5.3.13.jar:/Users/Valeri.Totev/.m2/repository/org/springframework/boot/spring-boot-starter-data-jpa/2.6.0/spring-boot-starter-data-jpa-2.6.0.jar:/Users/Valeri.Totev/.m2/repository/org/springframework/boot/spring-boot-starter-aop/2.6.0/spring-boot-starter-aop-2.6.0.jar:/Users/Valeri.Totev/.m2/repository/org/aspectj/aspectjweaver/1.9.7/aspectjweaver-1.9.7.jar:/Users/Valeri.Totev/.m2/repository/org/springframework/boot/spring-boot-starter-jdbc/2.6.0/spring-boot-starter-jdbc-2.6.0.jar:/Users/Valeri.Totev/.m2/repository/com/zaxxer/HikariCP/4.0.3/HikariCP-4.0.3.jar:/Users/Valeri.Totev/.m2/repository/org/springframework/spring-jdbc/5.3.13/spring-jdbc-5.3.13.jar:/Users/Valeri.Totev/.m2/repository/jakarta/transaction/jakarta.transaction-api/1.3.3/jakarta.transaction-api-1.3.3.jar:/Users/Valeri.Totev/.m2/repository/jakarta/persistence/jakarta.persistence-api/2.2.3/jakarta.persistence-api-2.2.3.jar:/Users/Valeri.Totev/.m2/repository/org/hibernate/hibernate-core/5.6.1.Final/hibernate-core-5.6.1.Final.jar:/Users/Valeri.Totev/.m2/repository/org/jboss/logging/jboss-logging/3.4.2.Final/jboss-logging-3.4.2.Final.jar:/Users/Valeri.Totev/.m2/repository/net/bytebuddy/byte-buddy/1.11.22/byte-buddy-1.11.22.jar:/Users/Valeri.Totev/.m2/repository/antlr/antlr/2.7.7/antlr-2.7.7.jar:/Users/Valeri.Totev/.m2/repository/org/jboss/jandex/2.2.3.Final/jandex-2.2.3.Final.jar:/Users/Valeri.Totev/.m2/repository/com/fasterxml/classmate/1.5.1/classmate-1.5.1.jar:/Users/Valeri.Totev/.m2/repository/org/hibernate/common/hibernate-commons-annotations/5.1.2.Final/hibernate-commons-annotations-5.1.2.Final.jar:/Users/Valeri.Totev/.m2/repository/org/glassfish/jaxb/jaxb-runtime/2.3.5/jaxb-runtime-2.3.5.jar:/Users/Valeri.Totev/.m2/repository/org/glassfish/jaxb/txw2/2.3.5/txw2-2.3.5.jar:/Users/Valeri.Totev/.m2/repository/com/sun/istack/istack-commons-runtime/3.0.12/istack-commons-runtime-3.0.12.jar:/Users/Valeri.Totev/.m2/repository/com/sun/activation/jakarta.activation/1.2.2/jakarta.activation-1.2.2.jar:/Users/Valeri.Totev/.m2/repository/org/springframework/data/spring-data-jpa/2.6.0/spring-data-jpa-2.6.0.jar:/Users/Valeri.Totev/.m2/repository/org/springframework/data/spring-data-commons/2.6.0/spring-data-commons-2.6.0.jar:/Users/Valeri.Totev/.m2/repository/org/springframework/spring-orm/5.3.13/spring-orm-5.3.13.jar:/Users/Valeri.Totev/.m2/repository/org/springframework/spring-context/5.3.13/spring-context-5.3.13.jar:/Users/Valeri.Totev/.m2/repository/org/springframework/spring-beans/5.3.13/spring-beans-5.3.13.jar:/Users/Valeri.Totev/.m2/repository/org/springframework/spring-aspects/5.3.13/spring-aspects-5.3.13.jar:/Users/Valeri.Totev/.m2/repository/org/springframework/boot/spring-boot-starter-security/2.6.0/spring-boot-starter-security-2.6.0.jar:/Users/Valeri.Totev/.m2/repository/org/springframework/boot/spring-boot-starter/2.6.0/spring-boot-starter-2.6.0.jar:/Users/Valeri.Totev/.m2/repository/org/springframework/boot/spring-boot-starter-logging/2.6.0/spring-boot-starter-logging-2.6.0.jar:/Users/Valeri.Totev/.m2/repository/ch/qos/logback/logback-classic/1.2.7/logback-classic-1.2.7.jar:/Users/Valeri.Totev/.m2/repository/ch/qos/logback/logback-core/1.2.7/logback-core-1.2.7.jar:/Users/Valeri.Totev/.m2/repository/org/apache/logging/log4j/log4j-to-slf4j/2.14.1/log4j-to-slf4j-2.14.1.jar:/Users/Valeri.Totev/.m2/repository/org/apache/logging/log4j/log4j-api/2.14.1/log4j-api-2.14.1.jar:/Users/Valeri.Totev/.m2/repository/org/slf4j/jul-to-slf4j/1.7.32/jul-to-slf4j-1.7.32.jar:/Users/Valeri.Totev/.m2/repository/jakarta/annotation/jakarta.annotation-api/1.3.5/jakarta.annotation-api-1.3.5.jar:/Users/Valeri.Totev/.m2/repository/org/yaml/snakeyaml/1.29/snakeyaml-1.29.jar:/Users/Valeri.Totev/.m2/repository/org/springframework/spring-aop/5.3.13/spring-aop-5.3.13.jar:/Users/Valeri.Totev/.m2/repository/org/springframework/security/spring-security-config/5.6.0/spring-security-config-5.6.0.jar:/Users/Valeri.Totev/.m2/repository/org/springframework/security/spring-security-web/5.6.0/spring-security-web-5.6.0.jar:/Users/Valeri.Totev/.m2/repository/org/springframework/spring-expression/5.3.13/spring-expression-5.3.13.jar:/Users/Valeri.Totev/.m2/repository/org/springframework/boot/spring-boot-starter-thymeleaf/2.6.0/spring-boot-starter-thymeleaf-2.6.0.jar:/Users/Valeri.Totev/.m2/repository/org/thymeleaf/thymeleaf-spring5/3.0.12.RELEASE/thymeleaf-spring5-3.0.12.RELEASE.jar:/Users/Valeri.Totev/.m2/repository/org/thymeleaf/thymeleaf/3.0.12.RELEASE/thymeleaf-3.0.12.RELEASE.jar:/Users/Valeri.Totev/.m2/repository/org/attoparser/attoparser/2.0.5.RELEASE/attoparser-2.0.5.RELEASE.jar:/Users/Valeri.Totev/.m2/repository/org/unbescape/unbescape/1.1.6.RELEASE/unbescape-1.1.6.RELEASE.jar:/Users/Valeri.Totev/.m2/repository/org/thymeleaf/extras/thymeleaf-extras-java8time/3.0.4.RELEASE/thymeleaf-extras-java8time-3.0.4.RELEASE.jar:/Users/Valeri.Totev/.m2/repository/org/springframework/boot/spring-boot-starter-validation/2.6.0/spring-boot-starter-validation-2.6.0.jar:/Users/Valeri.Totev/.m2/repository/org/apache/tomcat/embed/tomcat-embed-el/9.0.55/tomcat-embed-el-9.0.55.jar:/Users/Valeri.Totev/.m2/repository/org/hibernate/validator/hibernate-validator/6.2.0.Final/hibernate-validator-6.2.0.Final.jar:/Users/Valeri.Totev/.m2/repository/jakarta/validation/jakarta.validation-api/2.0.2/jakarta.validation-api-2.0.2.jar:/Users/Valeri.Totev/.m2/repository/org/springframework/boot/spring-boot-starter-web/2.6.0/spring-boot-starter-web-2.6.0.jar:/Users/Valeri.Totev/.m2/repository/org/springframework/boot/spring-boot-starter-json/2.6.0/spring-boot-starter-json-2.6.0.jar:/Users/Valeri.Totev/.m2/repository/com/fasterxml/jackson/core/jackson-databind/2.13.0/jackson-databind-2.13.0.jar:/Users/Valeri.Totev/.m2/repository/com/fasterxml/jackson/core/jackson-annotations/2.13.0/jackson-annotations-2.13.0.jar:/Users/Valeri.Totev/.m2/repository/com/fasterxml/jackson/core/jackson-core/2.13.0/jackson-core-2.13.0.jar:/Users/Valeri.Totev/.m2/repository/com/fasterxml/jackson/datatype/jackson-datatype-jdk8/2.13.0/jackson-datatype-jdk8-2.13.0.jar:/Users/Valeri.Totev/.m2/repository/com/fasterxml/jackson/datatype/jackson-datatype-jsr310/2.13.0/jackson-datatype-jsr310-2.13.0.jar:/Users/Valeri.Totev/.m2/repository/com/fasterxml/jackson/module/jackson-module-parameter-names/2.13.0/jackson-module-parameter-names-2.13.0.jar:/Users/Valeri.Totev/.m2/repository/org/springframework/boot/spring-boot-starter-tomcat/2.6.0/spring-boot-starter-tomcat-2.6.0.jar:/Users/Valeri.Totev/.m2/repository/org/apache/tomcat/embed/tomcat-embed-core/9.0.55/tomcat-embed-core-9.0.55.jar:/Users/Valeri.Totev/.m2/repository/org/apache/tomcat/embed/tomcat-embed-websocket/9.0.55/tomcat-embed-websocket-9.0.55.jar:/Users/Valeri.Totev/.m2/repository/org/springframework/spring-web/5.3.13/spring-web-5.3.13.jar:/Users/Valeri.Totev/.m2/repository/org/springframework/spring-webmvc/5.3.13/spring-webmvc-5.3.13.jar:/Users/Valeri.Totev/.m2/repository/org/thymeleaf/extras/thymeleaf-extras-springsecurity5/3.0.4.RELEASE/thymeleaf-extras-springsecurity5-3.0.4.RELEASE.jar:/Users/Valeri.Totev/.m2/repository/org/slf4j/slf4j-api/1.7.32/slf4j-api-1.7.32.jar:/Users/Valeri.Totev/.m2/repository/mysql/mysql-connector-java/8.0.27/mysql-connector-java-8.0.27.jar:/Users/Valeri.Totev/.m2/repository/org/springframework/boot/spring-boot-starter-test/2.6.0/spring-boot-starter-test-2.6.0.jar:/Users/Valeri.Totev/.m2/repository/org/springframework/boot/spring-boot-test/2.6.0/spring-boot-test-2.6.0.jar:/Users/Valeri.Totev/.m2/repository/org/springframework/boot/spring-boot-test-autoconfigure/2.6.0/spring-boot-test-autoconfigure-2.6.0.jar:/Users/Valeri.Totev/.m2/repository/com/jayway/jsonpath/json-path/2.6.0/json-path-2.6.0.jar:/Users/Valeri.Totev/.m2/repository/net/minidev/json-smart/2.4.7/json-smart-2.4.7.jar:/Users/Valeri.Totev/.m2/repository/net/minidev/accessors-smart/2.4.7/accessors-smart-2.4.7.jar:/Users/Valeri.Totev/.m2/repository/org/ow2/asm/asm/9.1/asm-9.1.jar:/Users/Valeri.Totev/.m2/repository/jakarta/xml/bind/jakarta.xml.bind-api/2.3.3/jakarta.xml.bind-api-2.3.3.jar:/Users/Valeri.Totev/.m2/repository/jakarta/activation/jakarta.activation-api/1.2.2/jakarta.activation-api-1.2.2.jar:/Users/Valeri.Totev/.m2/repository/org/assertj/assertj-core/3.21.0/assertj-core-3.21.0.jar:/Users/Valeri.Totev/.m2/repository/org/hamcrest/hamcrest/2.2/hamcrest-2.2.jar:/Users/Valeri.Totev/.m2/repository/org/junit/jupiter/junit-jupiter/5.8.1/junit-jupiter-5.8.1.jar:/Users/Valeri.Totev/.m2/repository/org/junit/jupiter/junit-jupiter-api/5.8.1/junit-jupiter-api-5.8.1.jar:/Users/Valeri.Totev/.m2/repository/org/opentest4j/opentest4j/1.2.0/opentest4j-1.2.0.jar:/Users/Valeri.Totev/.m2/repository/org/junit/platform/junit-platform-commons/1.8.1/junit-platform-commons-1.8.1.jar:/Users/Valeri.Totev/.m2/repository/org/apiguardian/apiguardian-api/1.1.2/apiguardian-api-1.1.2.jar:/Users/Valeri.Totev/.m2/repository/org/junit/jupiter/junit-jupiter-params/5.8.1/junit-jupiter-params-5.8.1.jar:/Users/Valeri.Totev/.m2/repository/org/junit/jupiter/junit-jupiter-engine/5.8.1/junit-jupiter-engine-5.8.1.jar:/Users/Valeri.Totev/.m2/repository/org/junit/platform/junit-platform-engine/1.8.1/junit-platform-engine-1.8.1.jar:/Users/Valeri.Totev/.m2/repository/org/mockito/mockito-core/4.0.0/mockito-core-4.0.0.jar:/Users/Valeri.Totev/.m2/repository/net/bytebuddy/byte-buddy-agent/1.11.22/byte-buddy-agent-1.11.22.jar:/Users/Valeri.Totev/.m2/repository/org/objenesis/objenesis/3.2/objenesis-3.2.jar:/Users/Valeri.Totev/.m2/repository/org/mockito/mockito-junit-jupiter/4.0.0/mockito-junit-jupiter-4.0.0.jar:/Users/Valeri.Totev/.m2/repository/org/skyscreamer/jsonassert/1.5.0/jsonassert-1.5.0.jar:/Users/Valeri.Totev/.m2/repository/com/vaadin/external/google/android-json/0.0.20131108.vaadin1/android-json-0.0.20131108.vaadin1.jar:/Users/Valeri.Totev/.m2/repository/org/springframework/spring-core/5.3.13/spring-core-5.3.13.jar:/Users/Valeri.Totev/.m2/repository/org/springframework/spring-test/5.3.13/spring-test-5.3.13.jar:/Users/Valeri.Totev/.m2/repository/org/xmlunit/xmlunit-core/2.8.3/xmlunit-core-2.8.3.jar:/Users/Valeri.Totev/.m2/repository/org/springframework/security/spring-security-test/5.6.0/spring-security-test-5.6.0.jar:/Users/Valeri.Totev/.m2/repository/org/springframework/security/spring-security-core/5.6.0/spring-security-core-5.6.0.jar:/Users/Valeri.Totev/.m2/repository/org/springframework/security/spring-security-crypto/5.6.0/spring-security-crypto-5.6.0.jar:/Users/Valeri.Totev/.m2/repository/org/modelmapper/modelmapper/2.4.4/modelmapper-2.4.4.jar:/Users/Valeri.Totev/.m2/repository/com/cloudinary/cloudinary/1.0.14/cloudinary-1.0.14.jar:/Users/Valeri.Totev/.m2/repository/commons-lang/commons-lang/2.6/commons-lang-2.6.jar:/Users/Valeri.Totev/.m2/repository/commons-codec/commons-codec/1.15/commons-codec-1.15.jar:/Users/Valeri.Totev/.m2/repository/commons-collections/commons-collections/3.2.1/commons-collections-3.2.1.jar:/Users/Valeri.Totev/.m2/repository/commons-logging/commons-logging/1.1.1/commons-logging-1.1.1.jar:/Users/Valeri.Totev/.m2/repository/org/apache/httpcomponents/httpclient/4.5.13/httpclient-4.5.13.jar:/Users/Valeri.Totev/.m2/repository/org/apache/httpcomponents/httpmime/4.5.13/httpmime-4.5.13.jar:/Users/Valeri.Totev/.m2/repository/org/apache/httpcomponents/httpcore/4.4.14/httpcore-4.4.14.jar:/Users/Valeri.Totev/.m2/repository/com/googlecode/json-simple/json-simple/1.1.1/json-simple-1.1.1.jar:/Users/Valeri.Totev/.m2/repository/junit/junit/4.13.2/junit-4.13.2.jar:/Users/Valeri.Totev/.m2/repository/org/hamcrest/hamcrest-core/2.2/hamcrest-core-2.2.jar:/Users/Valeri.Totev/.m2/repository/org/springframework/boot/spring-boot-configuration-processor/2.6.0/spring-boot-configuration-processor-2.6.0.jar:/Users/Valeri.Totev/.m2/repository/org/springframework/boot/spring-boot-autoconfigure/3.0.5/spring-boot-autoconfigure-3.0.5.jar:/Users/Valeri.Totev/.m2/repository/org/springframework/boot/spring-boot/2.6.0/spring-boot-2.6.0.jar:/Users/Valeri.Totev/.m2/repository/org/springframework/boot/spring-boot-devtools/2.6.0/spring-boot-devtools-2.6.0.jar:"/>
    <property name="sun.cpu.endian" value="little"/>
    <property name="user.home" value="/Users/Valeri.Totev"/>
    <property name="user.language" value="en"/>
    <property name="java.specification.vendor" value="Oracle Corporation"/>
    <property name="java.version.date" value="2022-04-22"/>
    <property name="java.home" value="/Library/Java/JavaVirtualMachines/jdk-18.0.1.1.jdk/Contents/Home"/>
    <property name="file.separator" value="/"/>
    <property name="basedir" value="/Users/Valeri.Totev/Downloads/photo-store/photo-store"/>
    <property name="java.vm.compressedOopsMode" value="Zero based"/>
    <property name="line.separator" value="&#10;"/>
    <property name="java.vm.specification.vendor" value="Oracle Corporation"/>
    <property name="java.specification.name" value="Java Platform API Specification"/>
    <property name="apple.awt.application.name" value="ForkedBooter"/>
    <property name="surefire.real.class.path" value="/Users/Valeri.Totev/Downloads/photo-store/photo-store/target/surefire/surefirebooter14552399857493736693.jar"/>
    <property name="sun.management.compiler" value="HotSpot 64-Bit Tiered Compilers"/>
    <property name="java.runtime.version" value="18.0.1.1+2-6"/>
    <property name="user.name" value="Valeri.Totev"/>
    <property name="path.separator" value=":"/>
    <property name="os.version" value="13.3"/>
    <property name="java.runtime.name" value="Java(TM) SE Runtime Environment"/>
    <property name="file.encoding" value="UTF-8"/>
    <property name="java.vm.name" value="Java HotSpot(TM) 64-Bit Server VM"/>
    <property name="localRepository" value="/Users/Valeri.Totev/.m2/repository"/>
    <property name="java.vendor.url.bug" value="https://bugreport.java.com/bugreport/"/>
    <property name="java.io.tmpdir" value="/var/folders/m9/71jyt7h126n9_35rsf4t2s540000gp/T/"/>
    <property name="idea.version" value="2023.1"/>
    <property name="java.version" value="18.0.1.1"/>
    <property name="user.dir" value="/Users/Valeri.Totev/Downloads/photo-store/photo-store"/>
    <property name="os.arch" value="aarch64"/>
    <property name="java.vm.specification.name" value="Java Virtual Machine Specification"/>
    <property name="native.encoding" value="UTF-8"/>
    <property name="java.library.path" value="/Users/Valeri.Totev/Library/Java/Extensions:/Library/Java/Extensions:/Network/Library/Java/Extensions:/System/Library/Java/Extensions:/usr/lib/java:."/>
    <property name="java.vm.info" value="mixed mode, sharing"/>
    <property name="java.vendor" value="Oracle Corporation"/>
    <property name="java.vm.version" value="18.0.1.1+2-6"/>
    <property name="sun.io.unicode.encoding" value="UnicodeBig"/>
    <property name="java.class.version" value="62.0"/>
  </properties>
  <testcase name="contextLoads" classname="softuni.photostore.PhotoStoreApplicationTests" time="0.003">
    <error message="Failed to load ApplicationContext" type="java.lang.IllegalStateException">java.lang.IllegalStateException: Failed to load ApplicationContext
Caused by: java.lang.IllegalArgumentException: Cannot instantiate interface org.springframework.context.ApplicationContextInitializer : org.springframework.boot.autoconfigure.SharedMetadataReaderFactoryContextInitializer
Caused by: java.lang.NoClassDefFoundError: org/springframework/beans/factory/aot/BeanRegistrationExcludeFilter
Caused by: java.lang.ClassNotFoundException: org.springframework.beans.factory.aot.BeanRegistrationExcludeFilter
</error>
    <system-out><![CDATA[15:45:53.859 [main] DEBUG org.springframework.test.context.BootstrapUtils - Instantiating CacheAwareContextLoaderDelegate from class [org.springframework.test.context.cache.DefaultCacheAwareContextLoaderDelegate]
15:45:53.863 [main] DEBUG org.springframework.test.context.BootstrapUtils - Instantiating BootstrapContext using constructor [public org.springframework.test.context.support.DefaultBootstrapContext(java.lang.Class,org.springframework.test.context.CacheAwareContextLoaderDelegate)]
15:45:53.878 [main] DEBUG org.springframework.test.context.BootstrapUtils - Instantiating TestContextBootstrapper for test class [softuni.photostore.PhotoStoreApplicationTests] from class [org.springframework.boot.test.context.SpringBootTestContextBootstrapper]
15:45:53.883 [main] INFO org.springframework.boot.test.context.SpringBootTestContextBootstrapper - Neither @ContextConfiguration nor @ContextHierarchy found for test class [softuni.photostore.PhotoStoreApplicationTests], using SpringBootContextLoader
15:45:53.884 [main] DEBUG org.springframework.test.context.support.AbstractContextLoader - Did not detect default resource location for test class [softuni.photostore.PhotoStoreApplicationTests]: class path resource [softuni/photostore/PhotoStoreApplicationTests-context.xml] does not exist
15:45:53.884 [main] DEBUG org.springframework.test.context.support.AbstractContextLoader - Did not detect default resource location for test class [softuni.photostore.PhotoStoreApplicationTests]: class path resource [softuni/photostore/PhotoStoreApplicationTestsContext.groovy] does not exist
15:45:53.884 [main] INFO org.springframework.test.context.support.AbstractContextLoader - Could not detect default resource locations for test class [softuni.photostore.PhotoStoreApplicationTests]: no resource found for suffixes {-context.xml, Context.groovy}.
15:45:53.884 [main] INFO org.springframework.test.context.support.AnnotationConfigContextLoaderUtils - Could not detect default configuration classes for test class [softuni.photostore.PhotoStoreApplicationTests]: PhotoStoreApplicationTests does not declare any static, non-private, non-final, nested classes annotated with @Configuration.
15:45:53.901 [main] DEBUG org.springframework.test.context.support.ActiveProfilesUtils - Could not find an 'annotation declaring class' for annotation type [org.springframework.test.context.ActiveProfiles] and class [softuni.photostore.PhotoStoreApplicationTests]
15:45:53.921 [main] DEBUG org.springframework.context.annotation.ClassPathScanningCandidateComponentProvider - Identified candidate component class: file [/Users/Valeri.Totev/Downloads/photo-store/photo-store/target/classes/softuni/photostore/PhotoStoreApplication.class]
15:45:53.922 [main] INFO org.springframework.boot.test.context.SpringBootTestContextBootstrapper - Found @SpringBootConfiguration softuni.photostore.PhotoStoreApplication for test class softuni.photostore.PhotoStoreApplicationTests
15:45:53.952 [main] DEBUG org.springframework.boot.test.context.SpringBootTestContextBootstrapper - @TestExecutionListeners is not present for class [softuni.photostore.PhotoStoreApplicationTests]: using defaults.
15:45:53.952 [main] INFO org.springframework.boot.test.context.SpringBootTestContextBootstrapper - Loaded default TestExecutionListener class names from location [META-INF/spring.factories]: [org.springframework.boot.test.mock.mockito.MockitoTestExecutionListener, org.springframework.boot.test.mock.mockito.ResetMocksTestExecutionListener, org.springframework.boot.test.autoconfigure.restdocs.RestDocsTestExecutionListener, org.springframework.boot.test.autoconfigure.web.client.MockRestServiceServerResetTestExecutionListener, org.springframework.boot.test.autoconfigure.web.servlet.MockMvcPrintOnlyOnFailureTestExecutionListener, org.springframework.boot.test.autoconfigure.web.servlet.WebDriverTestExecutionListener, org.springframework.boot.test.autoconfigure.webservices.client.MockWebServiceServerTestExecutionListener, org.springframework.test.context.web.ServletTestExecutionListener, org.springframework.test.context.support.DirtiesContextBeforeModesTestExecutionListener, org.springframework.test.context.event.ApplicationEventsTestExecutionListener, org.springframework.test.context.support.DependencyInjectionTestExecutionListener, org.springframework.test.context.support.DirtiesContextTestExecutionListener, org.springframework.test.context.transaction.TransactionalTestExecutionListener, org.springframework.test.context.jdbc.SqlScriptsTestExecutionListener, org.springframework.test.context.event.EventPublishingTestExecutionListener, org.springframework.security.test.context.support.WithSecurityContextTestExecutionListener, org.springframework.security.test.context.support.ReactorContextTestExecutionListener]
15:45:53.960 [main] INFO org.springframework.boot.test.context.SpringBootTestContextBootstrapper - Using TestExecutionListeners: [org.springframework.test.context.web.ServletTestExecutionListener@2c4d1ac, org.springframework.test.context.support.DirtiesContextBeforeModesTestExecutionListener@7f0d96f2, org.springframework.test.context.event.ApplicationEventsTestExecutionListener@545b995e, org.springframework.boot.test.mock.mockito.MockitoTestExecutionListener@76a2ddf3, org.springframework.boot.test.autoconfigure.SpringBootDependencyInjectionTestExecutionListener@524f3b3a, org.springframework.test.context.support.DirtiesContextTestExecutionListener@41e68d87, org.springframework.test.context.transaction.TransactionalTestExecutionListener@49ff7d8c, org.springframework.test.context.jdbc.SqlScriptsTestExecutionListener@29526c05, org.springframework.test.context.event.EventPublishingTestExecutionListener@2ef14fe, org.springframework.security.test.context.support.WithSecurityContextTestExecutionListener@77102b91, org.springframework.security.test.context.support.ReactorContextTestExecutionListener@45312be2, org.springframework.boot.test.mock.mockito.ResetMocksTestExecutionListener@7fb95505, org.springframework.boot.test.autoconfigure.restdocs.RestDocsTestExecutionListener@58be6e8, org.springframework.boot.test.autoconfigure.web.client.MockRestServiceServerResetTestExecutionListener@7331196b, org.springframework.boot.test.autoconfigure.web.servlet.MockMvcPrintOnlyOnFailureTestExecutionListener@3f9342d4, org.springframework.boot.test.autoconfigure.web.servlet.WebDriverTestExecutionListener@ab7395e, org.springframework.boot.test.autoconfigure.webservices.client.MockWebServiceServerTestExecutionListener@50d13246]
15:45:53.961 [main] DEBUG org.springframework.test.context.support.AbstractDirtiesContextTestExecutionListener - Before test class: context [DefaultTestContext@39a2bb97 testClass = PhotoStoreApplicationTests, testInstance = [null], testMethod = [null], testException = [null], mergedContextConfiguration = [WebMergedContextConfiguration@3ad2e17 testClass = PhotoStoreApplicationTests, locations = '{}', classes = '{class softuni.photostore.PhotoStoreApplication}', contextInitializerClasses = '[]', activeProfiles = '{}', propertySourceLocations = '{}', propertySourceProperties = '{org.springframework.boot.test.context.SpringBootTestContextBootstrapper=true}', contextCustomizers = set[org.springframework.boot.test.context.filter.ExcludeFilterContextCustomizer@290222c1, org.springframework.boot.test.json.DuplicateJsonObjectContextCustomizerFactory$DuplicateJsonObjectContextCustomizer@49049a04, org.springframework.boot.test.mock.mockito.MockitoContextCustomizer@0, org.springframework.boot.test.web.client.TestRestTemplateContextCustomizer@48aca48b, org.springframework.boot.test.autoconfigure.actuate.metrics.MetricsExportContextCustomizerFactory$DisableMetricExportContextCustomizer@783a467b, org.springframework.boot.test.autoconfigure.properties.PropertyMappingContextCustomizer@0, org.springframework.boot.test.autoconfigure.web.servlet.WebDriverContextCustomizerFactory$Customizer@4d154ccd, org.springframework.boot.test.context.SpringBootTestArgs@1, org.springframework.boot.test.context.SpringBootTestWebEnvironment@23e028a9], resourceBasePath = 'src/main/webapp', contextLoader = 'org.springframework.boot.test.context.SpringBootContextLoader', parent = [null]], attributes = map['org.springframework.test.context.web.ServletTestExecutionListener.activateListener' -> true]], class annotated with @DirtiesContext [false] with mode [null].
15:45:53.969 [main] ERROR org.springframework.test.context.TestContextManager - Caught exception while allowing TestExecutionListener [org.springframework.test.context.web.ServletTestExecutionListener@2c4d1ac] to prepare test instance [softuni.photostore.PhotoStoreApplicationTests@74f5ce22]
java.lang.IllegalStateException: Failed to load ApplicationContext
	at org.springframework.test.context.cache.DefaultCacheAwareContextLoaderDelegate.loadContext(DefaultCacheAwareContextLoaderDelegate.java:132)
	at org.springframework.test.context.support.DefaultTestContext.getApplicationContext(DefaultTestContext.java:124)
	at org.springframework.test.context.web.ServletTestExecutionListener.setUpRequestContextIfNecessary(ServletTestExecutionListener.java:190)
	at org.springframework.test.context.web.ServletTestExecutionListener.prepareTestInstance(ServletTestExecutionListener.java:132)
	at org.springframework.test.context.TestContextManager.prepareTestInstance(TestContextManager.java:248)
	at org.springframework.test.context.junit.jupiter.SpringExtension.postProcessTestInstance(SpringExtension.java:138)
	at org.junit.jupiter.engine.descriptor.ClassBasedTestDescriptor.lambda$invokeTestInstancePostProcessors$8(ClassBasedTestDescriptor.java:363)
	at org.junit.jupiter.engine.descriptor.ClassBasedTestDescriptor.executeAndMaskThrowable(ClassBasedTestDescriptor.java:368)
	at org.junit.jupiter.engine.descriptor.ClassBasedTestDescriptor.lambda$invokeTestInstancePostProcessors$9(ClassBasedTestDescriptor.java:363)
	at java.base/java.util.stream.ReferencePipeline$3$1.accept(ReferencePipeline.java:197)
	at java.base/java.util.stream.ReferencePipeline$2$1.accept(ReferencePipeline.java:179)
	at java.base/java.util.ArrayList$ArrayListSpliterator.forEachRemaining(ArrayList.java:1625)
	at java.base/java.util.stream.AbstractPipeline.copyInto(AbstractPipeline.java:509)
	at java.base/java.util.stream.AbstractPipeline.wrapAndCopyInto(AbstractPipeline.java:499)
	at java.base/java.util.stream.StreamSpliterators$WrappingSpliterator.forEachRemaining(StreamSpliterators.java:310)
	at java.base/java.util.stream.Streams$ConcatSpliterator.forEachRemaining(Streams.java:735)
	at java.base/java.util.stream.Streams$ConcatSpliterator.forEachRemaining(Streams.java:734)
	at java.base/java.util.stream.ReferencePipeline$Head.forEach(ReferencePipeline.java:762)
	at org.junit.jupiter.engine.descriptor.ClassBasedTestDescriptor.invokeTestInstancePostProcessors(ClassBasedTestDescriptor.java:362)
	at org.junit.jupiter.engine.descriptor.ClassBasedTestDescriptor.lambda$instantiateAndPostProcessTestInstance$6(ClassBasedTestDescriptor.java:283)
	at org.junit.platform.engine.support.hierarchical.ThrowableCollector.execute(ThrowableCollector.java:73)
	at org.junit.jupiter.engine.descriptor.ClassBasedTestDescriptor.instantiateAndPostProcessTestInstance(ClassBasedTestDescriptor.java:282)
	at org.junit.jupiter.engine.descriptor.ClassBasedTestDescriptor.lambda$testInstancesProvider$4(ClassBasedTestDescriptor.java:272)
	at java.base/java.util.Optional.orElseGet(Optional.java:364)
	at org.junit.jupiter.engine.descriptor.ClassBasedTestDescriptor.lambda$testInstancesProvider$5(ClassBasedTestDescriptor.java:271)
	at org.junit.jupiter.engine.execution.TestInstancesProvider.getTestInstances(TestInstancesProvider.java:31)
	at org.junit.jupiter.engine.descriptor.TestMethodTestDescriptor.lambda$prepare$0(TestMethodTestDescriptor.java:102)
	at org.junit.platform.engine.support.hierarchical.ThrowableCollector.execute(ThrowableCollector.java:73)
	at org.junit.jupiter.engine.descriptor.TestMethodTestDescriptor.prepare(TestMethodTestDescriptor.java:101)
	at org.junit.jupiter.engine.descriptor.TestMethodTestDescriptor.prepare(TestMethodTestDescriptor.java:66)
	at org.junit.platform.engine.support.hierarchical.NodeTestTask.lambda$prepare$2(NodeTestTask.java:123)
	at org.junit.platform.engine.support.hierarchical.ThrowableCollector.execute(ThrowableCollector.java:73)
	at org.junit.platform.engine.support.hierarchical.NodeTestTask.prepare(NodeTestTask.java:123)
	at org.junit.platform.engine.support.hierarchical.NodeTestTask.execute(NodeTestTask.java:90)
	at java.base/java.util.ArrayList.forEach(ArrayList.java:1511)
	at org.junit.platform.engine.support.hierarchical.SameThreadHierarchicalTestExecutorService.invokeAll(SameThreadHierarchicalTestExecutorService.java:41)
	at org.junit.platform.engine.support.hierarchical.NodeTestTask.lambda$executeRecursively$6(NodeTestTask.java:155)
	at org.junit.platform.engine.support.hierarchical.ThrowableCollector.execute(ThrowableCollector.java:73)
	at org.junit.platform.engine.support.hierarchical.NodeTestTask.lambda$executeRecursively$8(NodeTestTask.java:141)
	at org.junit.platform.engine.support.hierarchical.Node.around(Node.java:137)
	at org.junit.platform.engine.support.hierarchical.NodeTestTask.lambda$executeRecursively$9(NodeTestTask.java:139)
	at org.junit.platform.engine.support.hierarchical.ThrowableCollector.execute(ThrowableCollector.java:73)
	at org.junit.platform.engine.support.hierarchical.NodeTestTask.executeRecursively(NodeTestTask.java:138)
	at org.junit.platform.engine.support.hierarchical.NodeTestTask.execute(NodeTestTask.java:95)
	at java.base/java.util.ArrayList.forEach(ArrayList.java:1511)
	at org.junit.platform.engine.support.hierarchical.SameThreadHierarchicalTestExecutorService.invokeAll(SameThreadHierarchicalTestExecutorService.java:41)
	at org.junit.platform.engine.support.hierarchical.NodeTestTask.lambda$executeRecursively$6(NodeTestTask.java:155)
	at org.junit.platform.engine.support.hierarchical.ThrowableCollector.execute(ThrowableCollector.java:73)
	at org.junit.platform.engine.support.hierarchical.NodeTestTask.lambda$executeRecursively$8(NodeTestTask.java:141)
	at org.junit.platform.engine.support.hierarchical.Node.around(Node.java:137)
	at org.junit.platform.engine.support.hierarchical.NodeTestTask.lambda$executeRecursively$9(NodeTestTask.java:139)
	at org.junit.platform.engine.support.hierarchical.ThrowableCollector.execute(ThrowableCollector.java:73)
	at org.junit.platform.engine.support.hierarchical.NodeTestTask.executeRecursively(NodeTestTask.java:138)
	at org.junit.platform.engine.support.hierarchical.NodeTestTask.execute(NodeTestTask.java:95)
	at org.junit.platform.engine.support.hierarchical.SameThreadHierarchicalTestExecutorService.submit(SameThreadHierarchicalTestExecutorService.java:35)
	at org.junit.platform.engine.support.hierarchical.HierarchicalTestExecutor.execute(HierarchicalTestExecutor.java:57)
	at org.junit.platform.engine.support.hierarchical.HierarchicalTestEngine.execute(HierarchicalTestEngine.java:54)
	at org.junit.platform.launcher.core.DefaultLauncher.execute(DefaultLauncher.java:220)
	at org.junit.platform.launcher.core.DefaultLauncher.lambda$execute$6(DefaultLauncher.java:188)
	at org.junit.platform.launcher.core.DefaultLauncher.withInterceptedStreams(DefaultLauncher.java:202)
	at org.junit.platform.launcher.core.DefaultLauncher.execute(DefaultLauncher.java:181)
	at org.junit.platform.launcher.core.DefaultLauncher.execute(DefaultLauncher.java:128)
	at org.apache.maven.surefire.junitplatform.JUnitPlatformProvider.invokeAllTests(JUnitPlatformProvider.java:150)
	at org.apache.maven.surefire.junitplatform.JUnitPlatformProvider.invoke(JUnitPlatformProvider.java:124)
	at org.apache.maven.surefire.booter.ForkedBooter.invokeProviderInSameClassLoader(ForkedBooter.java:384)
	at org.apache.maven.surefire.booter.ForkedBooter.runSuitesInProcess(ForkedBooter.java:345)
	at org.apache.maven.surefire.booter.ForkedBooter.execute(ForkedBooter.java:126)
	at org.apache.maven.surefire.booter.ForkedBooter.main(ForkedBooter.java:418)
Caused by: java.lang.IllegalArgumentException: Cannot instantiate interface org.springframework.context.ApplicationContextInitializer : org.springframework.boot.autoconfigure.SharedMetadataReaderFactoryContextInitializer
	at org.springframework.boot.SpringApplication.createSpringFactoriesInstances(SpringApplication.java:453)
	at org.springframework.boot.SpringApplication.getSpringFactoriesInstances(SpringApplication.java:435)
	at org.springframework.boot.SpringApplication.getSpringFactoriesInstances(SpringApplication.java:428)
	at org.springframework.boot.SpringApplication.<init>(SpringApplication.java:261)
	at org.springframework.boot.SpringApplication.<init>(SpringApplication.java:240)
	at org.springframework.boot.test.context.SpringBootContextLoader.getSpringApplication(SpringBootContextLoader.java:152)
	at org.springframework.boot.test.context.SpringBootContextLoader.loadContext(SpringBootContextLoader.java:90)
	at org.springframework.test.context.cache.DefaultCacheAwareContextLoaderDelegate.loadContextInternal(DefaultCacheAwareContextLoaderDelegate.java:99)
	at org.springframework.test.context.cache.DefaultCacheAwareContextLoaderDelegate.loadContext(DefaultCacheAwareContextLoaderDelegate.java:124)
	... 67 common frames omitted
Caused by: java.lang.NoClassDefFoundError: org/springframework/beans/factory/aot/BeanRegistrationExcludeFilter
	at java.base/java.lang.ClassLoader.defineClass1(Native Method)
	at java.base/java.lang.ClassLoader.defineClass(ClassLoader.java:1013)
	at java.base/java.security.SecureClassLoader.defineClass(SecureClassLoader.java:150)
	at java.base/jdk.internal.loader.BuiltinClassLoader.defineClass(BuiltinClassLoader.java:862)
	at java.base/jdk.internal.loader.BuiltinClassLoader.findClassOnClassPathOrNull(BuiltinClassLoader.java:760)
	at java.base/jdk.internal.loader.BuiltinClassLoader.loadClassOrNull(BuiltinClassLoader.java:681)
	at java.base/jdk.internal.loader.BuiltinClassLoader.loadClass(BuiltinClassLoader.java:639)
	at java.base/jdk.internal.loader.ClassLoaders$AppClassLoader.loadClass(ClassLoaders.java:188)
	at java.base/java.lang.ClassLoader.loadClass(ClassLoader.java:521)
	at java.base/java.lang.Class.forName0(Native Method)
	at java.base/java.lang.Class.forName(Class.java:488)
	at java.base/java.lang.Class.forName(Class.java:467)
	at org.springframework.util.ClassUtils.forName(ClassUtils.java:284)
	at org.springframework.boot.SpringApplication.createSpringFactoriesInstances(SpringApplication.java:446)
	... 75 common frames omitted
Caused by: java.lang.ClassNotFoundException: org.springframework.beans.factory.aot.BeanRegistrationExcludeFilter
	at java.base/jdk.internal.loader.BuiltinClassLoader.loadClass(BuiltinClassLoader.java:641)
	at java.base/jdk.internal.loader.ClassLoaders$AppClassLoader.loadClass(ClassLoaders.java:188)
	at java.base/java.lang.ClassLoader.loadClass(ClassLoader.java:521)
	... 89 common frames omitted
]]></system-out>
  </testcase>
</testsuite>